[09Juli2024 23:35:18.945] [main/INFO] [cpw.mods.modlauncher.Launcher/MODLAUNCHER]: ModLauncher running: args [--launchTarget, forgeclientuserdev, --version, 21.0.76-beta, --assetIndex, asset-index, --assetsDir, C:\Users\nikog\.gradle\caches\minecraft\assets\1.21, --gameDir, ., --fml.neoForgeVersion, 21.0.76-beta, --fml.fmlVersion, 4.0.15, --fml.mcVersion, 1.21, --fml.neoFormVersion, 20240613.152323]
[09Juli2024 23:35:18.947] [main/INFO] [cpw.mods.modlauncher.Launcher/MODLAUNCHER]: JVM identified as Amazon.com Inc. OpenJDK 64-Bit Server VM 21.0.3+9-LTS
[09Juli2024 23:35:18.948] [main/INFO] [cpw.mods.modlauncher.Launcher/MODLAUNCHER]: ModLauncher 11.0.4+main.d2e20e43 starting: java version 21.0.3 by Amazon.com Inc.; OS Windows 10 arch amd64 version 10.0
[09Juli2024 23:35:19.028] [main/INFO] [net.neoforged.fml.loading.ImmediateWindowHandler/]: Loading ImmediateWindowProvider fmlearlywindow
[09Juli2024 23:35:19.096] [main/INFO] [EARLYDISPLAY/]: Trying GL version 4.6
[09Juli2024 23:35:19.185] [main/INFO] [EARLYDISPLAY/]: Requested GL version 4.6 got version 4.6
[09Juli2024 23:35:19.242] [main/INFO] [mixin/]: SpongePowered MIXIN Subsystem Version=0.8.6 Source=union:/C:/Users/nikog/.gradle/caches/modules-2/files-2.1/net.fabricmc/sponge-mixin/0.14.0+mixin.0.8.6/c265173c84346e9e5d42a2384b2b02bd39a4a899/sponge-mixin-0.14.0+mixin.0.8.6.jar%23135!/ Service=ModLauncher Env=CLIENT
[09Juli2024 23:35:19.416] [pool-2-thread-1/INFO] [EARLYDISPLAY/]: GL info: NVIDIA GeForce RTX 4070/PCIe/SSE2 GL version 4.6.0 NVIDIA 556.12, NVIDIA Corporation
[09Juli2024 23:35:19.439] [main/INFO] [net.neoforged.fml.loading.moddiscovery.ModDiscoverer/SCAN]: Found mod file "neoforge-21.0.76-beta.jar" [locator: neoforge devenv provider ([D:\Minecraft\Modding\MoreGems\.gradle\repositories\ng_dummy_ng\net\neoforged\neoforge\21.0.76-beta\neoforge-21.0.76-beta.jar])]
[09Juli2024 23:35:19.449] [main/INFO] [net.neoforged.fml.loading.moddiscovery.ModDiscoverer/SCAN]: Found mod file "neoforge-21.0.76-beta.jar" [locator: neoforge devenv provider ([D:\Minecraft\Modding\MoreGems\.gradle\repositories\ng_dummy_ng\net\neoforged\neoforge\21.0.76-beta\neoforge-21.0.76-beta.jar])]
[09Juli2024 23:35:19.457] [main/INFO] [net.neoforged.fml.loading.moddiscovery.ModDiscoverer/SCAN]: Found mod file "main" [locator: userdev mods and services, reader: mod manifest]
[09Juli2024 23:35:19.464] [main/INFO] [net.neoforged.fml.loading.moddiscovery.ModDiscoverer/SCAN]: Found mod file "neoforge-21.0.76-beta.jar" [locator: userdev mods and services, reader: mod manifest]
[09Juli2024 23:35:19.478] [main/INFO] [net.neoforged.fml.loading.moddiscovery.ModDiscoverer/SCAN]: Found gamelibrary file "mixinextras-neoforge-0.3.5.jar" [locator: userdev mods and services, reader: mod manifest]
[09Juli2024 23:35:19.607] [main/WARN] [net.neoforged.jarjar.selection.JarSelector/]: Attempted to select a dependency jar for JarJar which was passed in as source: mixinextras-neoforge-0.3.5.jar. Using Mod File: C:\Users\nikog\.gradle\caches\modules-2\files-2.1\io.github.llamalad7\mixinextras-neoforge\0.3.5\ef3ffcf309dae656517b2f120189b1c9b21737dd\mixinextras-neoforge-0.3.5.jar
[09Juli2024 23:35:19.607] [main/INFO] [net.neoforged.fml.loading.moddiscovery.locators.JarInJarDependencyLocator/]: No dependencies to load found. Skipping!
[09Juli2024 23:35:19.717] [main/INFO] [net.neoforged.fml.loading.FMLServiceProvider/CORE]: Loading coremod script-engine for [neoforge]
[09Juli2024 23:35:20.227] [main/INFO] [cpw.mods.modlauncher.LaunchServiceHandler/MODLAUNCHER]: Launching target 'forgeclientuserdev' with arguments [--version, 21.0.76-beta, --gameDir, ., --assetsDir, C:\Users\nikog\.gradle\caches\minecraft\assets\1.21, --assetIndex, asset-index]
[09Juli2024 23:35:21.291] [Datafixer Bootstrap/INFO] [com.mojang.datafixers.DataFixerBuilder/]: 229 Datafixer optimizations took 258 milliseconds
[09Juli2024 23:35:21.390] [pool-7-thread-1/INFO] [MixinExtras|Service/]: Initializing MixinExtras via com.llamalad7.mixinextras.service.MixinExtrasServiceImpl(version=0.3.5).
[09Juli2024 23:35:24.303] [main/WARN] [net.minecraft.commands.Commands/]: Ambiguity between arguments [teleport, location] and [teleport, destination] with inputs: [0.1 -0.5 .9, 0 0 0]
[09Juli2024 23:35:24.304] [main/WARN] [net.minecraft.commands.Commands/]: Ambiguity between arguments [teleport, location] and [teleport, targets] with inputs: [0.1 -0.5 .9, 0 0 0]
[09Juli2024 23:35:24.306] [main/WARN] [net.minecraft.commands.Commands/]: Ambiguity between arguments [teleport, destination] and [teleport, targets] with inputs: [Player, 0123, @e, dd12be42-52a9-4a91-a8a1-11c01849e498]
[09Juli2024 23:35:24.306] [main/WARN] [net.minecraft.commands.Commands/]: Ambiguity between arguments [teleport, targets] and [teleport, destination] with inputs: [Player, 0123, dd12be42-52a9-4a91-a8a1-11c01849e498]
[09Juli2024 23:35:24.307] [main/WARN] [net.minecraft.commands.Commands/]: Ambiguity between arguments [teleport, targets, location] and [teleport, targets, destination] with inputs: [0.1 -0.5 .9, 0 0 0]
[09Juli2024 23:35:24.382] [Render thread/WARN] [net.minecraft.server.packs.VanillaPackResourcesBuilder/]: Assets URL 'union:/D:/Minecraft/Modding/MoreGems/.gradle/repositories/ng_dummy_ng/net/neoforged/neoforge/21.0.76-beta/neoforge-21.0.76-beta.jar%23189!/assets/.mcassetsroot' uses unexpected schema
[09Juli2024 23:35:24.382] [Render thread/WARN] [net.minecraft.server.packs.VanillaPackResourcesBuilder/]: Assets URL 'union:/D:/Minecraft/Modding/MoreGems/.gradle/repositories/ng_dummy_ng/net/neoforged/neoforge/21.0.76-beta/neoforge-21.0.76-beta.jar%23189!/data/.mcassetsroot' uses unexpected schema
[09Juli2024 23:35:24.401] [Render thread/INFO] [com.mojang.authlib.yggdrasil.YggdrasilAuthenticationService/]: Environment: Environment[sessionHost=https://sessionserver.mojang.com, servicesHost=https://api.minecraftservices.com, name=PROD]
[09Juli2024 23:35:24.407] [Render thread/INFO] [net.minecraft.client.Minecraft/]: Setting user: Dev
[09Juli2024 23:35:24.468] [Render thread/INFO] [net.minecraft.client.Minecraft/]: Backend library: LWJGL version 3.3.3+5
[09Juli2024 23:35:26.784] [modloading-worker-0/INFO] [net.neoforged.neoforge.common.NeoForgeMod/NEOFORGE-MOD]: NeoForge mod loading, version 21.0.76-beta, for MC 1.21
[09Juli2024 23:35:27.188] [Render thread/INFO] [net.neoforged.neoforge.gametest.GameTestHooks/]: Enabled Gametest Namespaces: []
[09Juli2024 23:35:27.264] [Render thread/INFO] [net.minecraft.server.packs.resources.ReloadableResourceManager/]: Reloading ResourceManager: vanilla, mod_resources, mod/moregems, mod/neoforge
[09Juli2024 23:35:27.322] [Worker-Main-13/INFO] [net.minecraft.client.gui.font.providers.UnihexProvider/]: Found unifont_all_no_pua-15.1.05.hex, loading
[09Juli2024 23:35:27.369] [Worker-Main-4/INFO] [net.minecraft.client.gui.font.providers.UnihexProvider/]: Found unifont_jp_patch-15.1.05.hex, loading
[09Juli2024 23:35:28.245] [Render thread/WARN] [net.minecraft.client.sounds.SoundEngine/]: Missing sound for event: minecraft:item.goat_horn.play
[09Juli2024 23:35:28.246] [Render thread/WARN] [net.minecraft.client.sounds.SoundEngine/]: Missing sound for event: minecraft:entity.goat.screaming.horn_break
[09Juli2024 23:35:28.275] [Render thread/INFO] [com.mojang.blaze3d.audio.Library/]: OpenAL initialized on device OpenAL Soft on Lautsprecher (4- Sound BlasterX AE-5 Plus)
[09Juli2024 23:35:28.276] [Render thread/INFO] [net.minecraft.client.sounds.SoundEngine/SOUNDS]: Sound engine started
[09Juli2024 23:35:28.378] [Render thread/INFO] [net.minecraft.client.renderer.texture.TextureAtlas/]: Created: 1024x512x4 minecraft:textures/atlas/blocks.png-atlas
[09Juli2024 23:35:28.384] [Render thread/INFO] [net.minecraft.client.renderer.texture.TextureAtlas/]: Created: 256x256x4 minecraft:textures/atlas/signs.png-atlas
[09Juli2024 23:35:28.385] [Render thread/INFO] [net.minecraft.client.renderer.texture.TextureAtlas/]: Created: 512x512x4 minecraft:textures/atlas/shield_patterns.png-atlas
[09Juli2024 23:35:28.385] [Render thread/INFO] [net.minecraft.client.renderer.texture.TextureAtlas/]: Created: 512x512x4 minecraft:textures/atlas/banner_patterns.png-atlas
[09Juli2024 23:35:28.385] [Render thread/INFO] [net.minecraft.client.renderer.texture.TextureAtlas/]: Created: 1024x1024x4 minecraft:textures/atlas/armor_trims.png-atlas
[09Juli2024 23:35:28.387] [Render thread/INFO] [net.minecraft.client.renderer.texture.TextureAtlas/]: Created: 128x64x4 minecraft:textures/atlas/decorated_pot.png-atlas
[09Juli2024 23:35:28.388] [Render thread/INFO] [net.minecraft.client.renderer.texture.TextureAtlas/]: Created: 256x256x4 minecraft:textures/atlas/chest.png-atlas
[09Juli2024 23:35:28.388] [Render thread/INFO] [net.minecraft.client.renderer.texture.TextureAtlas/]: Created: 512x256x4 minecraft:textures/atlas/shulker_boxes.png-atlas
[09Juli2024 23:35:28.388] [Render thread/INFO] [net.minecraft.client.renderer.texture.TextureAtlas/]: Created: 512x256x4 minecraft:textures/atlas/beds.png-atlas
[09Juli2024 23:35:28.533] [Render thread/INFO] [net.minecraft.client.renderer.texture.TextureAtlas/]: Created: 512x256x0 minecraft:textures/atlas/particles.png-atlas
[09Juli2024 23:35:28.534] [Render thread/INFO] [net.minecraft.client.renderer.texture.TextureAtlas/]: Created: 512x256x0 minecraft:textures/atlas/paintings.png-atlas
[09Juli2024 23:35:28.534] [Render thread/INFO] [net.minecraft.client.renderer.texture.TextureAtlas/]: Created: 256x128x0 minecraft:textures/atlas/mob_effects.png-atlas
[09Juli2024 23:35:28.534] [Render thread/INFO] [net.minecraft.client.renderer.texture.TextureAtlas/]: Created: 64x64x0 minecraft:textures/atlas/map_decorations.png-atlas
[09Juli2024 23:35:28.535] [Render thread/INFO] [net.minecraft.client.renderer.texture.TextureAtlas/]: Created: 1024x512x0 minecraft:textures/atlas/gui.png-atlas
[09Juli2024 23:35:28.549] [Render thread/WARN] [net.minecraft.client.renderer.ShaderInstance/]: Shader rendertype_entity_translucent_emissive could not find sampler named Sampler2 in the specified shader program.
[09Juli2024 23:35:44.785] [Render thread/INFO] [net.minecraft.world.item.crafting.RecipeManager/]: Loaded 1290 recipes
[09Juli2024 23:35:44.866] [Render thread/INFO] [net.minecraft.advancements.AdvancementTree/]: Loaded 1399 advancements
[09Juli2024 23:35:45.122] [Server thread/INFO] [net.minecraft.client.server.IntegratedServer/]: Starting integrated minecraft server version 1.21
[09Juli2024 23:35:45.122] [Server thread/INFO] [net.minecraft.server.MinecraftServer/]: Generating keypair
[09Juli2024 23:35:45.681] [Server thread/INFO] [net.minecraft.server.MinecraftServer/]: Preparing start region for dimension minecraft:overworld
[09Juli2024 23:35:45.844] [progressListener/INFO] [net.minecraft.server.level.progress.LoggerChunkProgressListener/]: Preparing spawn area: 0%
[09Juli2024 23:35:45.900] [progressListener/INFO] [net.minecraft.server.level.progress.LoggerChunkProgressListener/]: Time elapsed: 207 ms
[09Juli2024 23:35:45.900] [Server thread/INFO] [net.neoforged.neoforge.server.permission.PermissionAPI/]: Successfully initialized permission handler neoforge:default_handler
[09Juli2024 23:35:45.951] [Server thread/INFO] [net.minecraft.client.server.IntegratedServer/]: Changing view distance to 12, from 10
[09Juli2024 23:35:45.951] [Server thread/INFO] [net.minecraft.client.server.IntegratedServer/]: Changing simulation distance to 12, from 0
[09Juli2024 23:35:46.408] [Server thread/INFO] [net.minecraft.server.players.PlayerList/]: Dev[local:E:60cd73ff] logged in with entity id 39 at (-29.69641526542138, 68.0, -19.287889809304463)
[09Juli2024 23:35:46.444] [Server thread/INFO] [net.minecraft.server.MinecraftServer/]: Dev joined the game
[09Juli2024 23:35:46.714] [Render thread/WARN] [net.minecraft.client.multiplayer.ClientPacketListener/]: Received passengers for unknown entity
[09Juli2024 23:35:46.716] [Render thread/INFO] [net.minecraft.advancements.AdvancementTree/]: Loaded 11 advancements
[09Juli2024 23:36:13.609] [Server thread/INFO] [net.minecraft.server.MinecraftServer/]: Dev has made the advancement [Isn't It Iron Pick]
[09Juli2024 23:36:13.622] [Render thread/INFO] [net.minecraft.client.gui.components.ChatComponent/]: [System] [CHAT] Dev has made the advancement [Isn't It Iron Pick]
[09Juli2024 23:36:13.662] [Render thread/INFO] [net.minecraft.advancements.AdvancementTree/]: Loaded 21 advancements
[09Juli2024 23:36:25.139] [Server thread/INFO] [net.minecraft.server.MinecraftServer/]: [Dev: Set own game mode to Survival Mode]
[09Juli2024 23:36:25.147] [Render thread/INFO] [net.minecraft.client.gui.components.ChatComponent/]: [System] [CHAT] Set own game mode to Survival Mode
[09Juli2024 23:36:39.202] [Server thread/INFO] [net.minecraft.server.MinecraftServer/]: [Dev: Set own game mode to Creative Mode]
[09Juli2024 23:36:39.203] [Render thread/INFO] [net.minecraft.client.gui.components.ChatComponent/]: [System] [CHAT] Set own game mode to Creative Mode
[09Juli2024 23:36:48.002] [Server thread/INFO] [net.minecraft.server.MinecraftServer/]: [Dev: Set own game mode to Survival Mode]
[09Juli2024 23:36:48.007] [Render thread/INFO] [net.minecraft.client.gui.components.ChatComponent/]: [System] [CHAT] Set own game mode to Survival Mode
[09Juli2024 23:37:25.190] [Server thread/INFO] [net.minecraft.server.MinecraftServer/]: [Dev: Set own game mode to Creative Mode]
[09Juli2024 23:37:25.196] [Render thread/INFO] [net.minecraft.client.gui.components.ChatComponent/]: [System] [CHAT] Set own game mode to Creative Mode
[09Juli2024 23:37:45.854] [Server thread/INFO] [net.minecraft.client.server.IntegratedServer/]: Saving and pausing game...
[09Juli2024 23:37:45.888] [Server thread/INFO] [net.minecraft.server.MinecraftServer/]: Saving chunks for level 'ServerLevel[New World]'/minecraft:overworld
[09Juli2024 23:37:45.952] [Server thread/INFO] [net.minecraft.server.MinecraftServer/]: Saving chunks for level 'ServerLevel[New World]'/minecraft:the_nether
[09Juli2024 23:37:45.977] [Server thread/INFO] [net.minecraft.server.MinecraftServer/]: Saving chunks for level 'ServerLevel[New World]'/minecraft:the_end
[09Juli2024 23:37:46.317] [Server thread/INFO] [net.minecraft.server.network.ServerGamePacketListenerImpl/]: Dev lost connection: Disconnected
[09Juli2024 23:37:46.317] [Server thread/INFO] [net.minecraft.server.MinecraftServer/]: Dev left the game
[09Juli2024 23:37:46.344] [Server thread/INFO] [net.minecraft.server.network.ServerCommonPacketListenerImpl/]: Stopping singleplayer server as player logged out
[09Juli2024 23:37:46.354] [Server thread/INFO] [net.minecraft.server.MinecraftServer/]: Stopping server
[09Juli2024 23:37:46.354] [Server thread/INFO] [net.minecraft.server.MinecraftServer/]: Saving players
[09Juli2024 23:37:46.354] [Server thread/INFO] [net.minecraft.server.MinecraftServer/]: Saving worlds
[09Juli2024 23:37:46.694] [Server thread/INFO] [net.minecraft.server.MinecraftServer/]: Saving chunks for level 'ServerLevel[New World]'/minecraft:overworld
[09Juli2024 23:37:47.124] [Server thread/INFO] [net.minecraft.server.MinecraftServer/]: Saving chunks for level 'ServerLevel[New World]'/minecraft:the_nether
[09Juli2024 23:37:47.148] [Server thread/INFO] [net.minecraft.server.MinecraftServer/]: Saving chunks for level 'ServerLevel[New World]'/minecraft:the_end
[09Juli2024 23:37:47.166] [Server thread/INFO] [net.minecraft.server.MinecraftServer/]: ThreadedAnvilChunkStorage (New World): All chunks are saved
[09Juli2024 23:37:47.166] [Server thread/INFO] [net.minecraft.server.MinecraftServer/]: ThreadedAnvilChunkStorage (DIM-1): All chunks are saved
[09Juli2024 23:37:47.166] [Server thread/INFO] [net.minecraft.server.MinecraftServer/]: ThreadedAnvilChunkStorage (DIM1): All chunks are saved
[09Juli2024 23:37:47.166] [Server thread/INFO] [net.minecraft.server.MinecraftServer/]: ThreadedAnvilChunkStorage: All dimensions are saved
[09Juli2024 23:37:48.152] [Render thread/INFO] [net.minecraft.client.Minecraft/]: Stopping!
